Текущая дата и время:
Пт июн 29 22:56:31 MSK 2018
Анализ поиска в разных режимах

-search , query is памятник, attempt #1
0.22user 0.00system 0:00.25elapsed 90%CPU (0avgtext+0avgdata 3940maxresident)k
0inputs+0outputs (0major+371minor)pagefaults 0swaps

-search with limits , query is памятник, attempt #1
Limit is 100
0.72user 0.00system 0:00.73elapsed 99%CPU (0avgtext+0avgdata 3492maxresident)k
0inputs+0outputs (0major+260minor)pagefaults 0swaps

Limit is 50
1.26user 0.00system 0:01.27elapsed 99%CPU (0avgtext+0avgdata 3564maxresident)k
0inputs+0outputs (0major+285minor)pagefaults 0swaps

Limit is 5
10.72user 0.05system 0:10.78elapsed 99%CPU (0avgtext+0avgdata 3548maxresident)k
0inputs+0outputs (0major+1510minor)pagefaults 0swaps

Limit is 1
51.52user 0.15system 0:51.70elapsed 99%CPU (0avgtext+0avgdata 3540maxresident)k
0inputs+0outputs (0major+6487minor)pagefaults 0swaps

-complexsearch , query is памятник, attempt #1
0.39user 0.01system 0:00.41elapsed 96%CPU (0avgtext+0avgdata 10212maxresident)k
0inputs+0outputs (0major+2312minor)pagefaults 0swaps

-search , query is памятник, attempt #2
0.25user 0.00system 0:00.28elapsed 90%CPU (0avgtext+0avgdata 3960maxresident)k
0inputs+0outputs (0major+371minor)pagefaults 0swaps

-search with limits , query is памятник, attempt #2
Limit is 100
0.70user 0.01system 0:00.72elapsed 99%CPU (0avgtext+0avgdata 3540maxresident)k
0inputs+0outputs (0major+259minor)pagefaults 0swaps

Limit is 50
1.21user 0.02system 0:01.23elapsed 99%CPU (0avgtext+0avgdata 3564maxresident)k
0inputs+0outputs (0major+285minor)pagefaults 0swaps

Limit is 5
10.62user 0.05system 0:10.69elapsed 99%CPU (0avgtext+0avgdata 3504maxresident)k
0inputs+0outputs (0major+1511minor)pagefaults 0swaps

Limit is 1
51.77user 0.22system 0:52.04elapsed 99%CPU (0avgtext+0avgdata 3540maxresident)k
0inputs+0outputs (0major+6487minor)pagefaults 0swaps

-complexsearch , query is памятник, attempt #2
0.39user 0.01system 0:00.42elapsed 96%CPU (0avgtext+0avgdata 10444maxresident)k
0inputs+0outputs (0major+2313minor)pagefaults 0swaps

-search , query is памятник, attempt #3
0.22user 0.01system 0:00.25elapsed 93%CPU (0avgtext+0avgdata 3936maxresident)k
0inputs+0outputs (0major+370minor)pagefaults 0swaps

-search with limits , query is памятник, attempt #3
Limit is 100
0.67user 0.01system 0:00.71elapsed 97%CPU (0avgtext+0avgdata 3492maxresident)k
0inputs+0outputs (0major+260minor)pagefaults 0swaps

Limit is 50
1.27user 0.00system 0:01.30elapsed 98%CPU (0avgtext+0avgdata 3516maxresident)k
0inputs+0outputs (0major+286minor)pagefaults 0swaps

Limit is 5
10.60user 0.05system 0:10.68elapsed 99%CPU (0avgtext+0avgdata 3548maxresident)k
0inputs+0outputs (0major+1510minor)pagefaults 0swaps

Limit is 1
51.75user 0.17system 0:51.95elapsed 99%CPU (0avgtext+0avgdata 3492maxresident)k
0inputs+0outputs (0major+6489minor)pagefaults 0swaps

-complexsearch , query is памятник, attempt #3
0.40user 0.00system 0:00.42elapsed 98%CPU (0avgtext+0avgdata 10212maxresident)k
0inputs+0outputs (0major+2313minor)pagefaults 0swaps

-search , query is дворец, attempt #1
0.26user 0.00system 0:00.27elapsed 99%CPU (0avgtext+0avgdata 4060maxresident)k
0inputs+0outputs (0major+346minor)pagefaults 0swaps

-search with limits , query is дворец, attempt #1
Limit is 100
0.67user 0.02system 0:00.71elapsed 98%CPU (0avgtext+0avgdata 3492maxresident)k
0inputs+0outputs (0major+265minor)pagefaults 0swaps

Limit is 50
1.24user 0.00system 0:01.25elapsed 99%CPU (0avgtext+0avgdata 3516maxresident)k
0inputs+0outputs (0major+284minor)pagefaults 0swaps

Limit is 5
10.57user 0.01system 0:10.58elapsed 99%CPU (0avgtext+0avgdata 3548maxresident)k
0inputs+0outputs (0major+1469minor)pagefaults 0swaps

Limit is 1
51.59user 0.17system 0:51.78elapsed 99%CPU (0avgtext+0avgdata 3504maxresident)k
0inputs+0outputs (0major+6335minor)pagefaults 0swaps

-complexsearch , query is дворец, attempt #1
0.43user 0.01system 0:00.44elapsed 99%CPU (0avgtext+0avgdata 10556maxresident)k
0inputs+0outputs (0major+2323minor)pagefaults 0swaps

-search , query is дворец, attempt #2
0.23user 0.01system 0:00.25elapsed 98%CPU (0avgtext+0avgdata 3948maxresident)k
0inputs+0outputs (0major+347minor)pagefaults 0swaps

-search with limits , query is дворец, attempt #2
Limit is 100
0.70user 0.00system 0:00.71elapsed 99%CPU (0avgtext+0avgdata 3540maxresident)k
0inputs+0outputs (0major+263minor)pagefaults 0swaps

Limit is 50
1.23user 0.00system 0:01.23elapsed 99%CPU (0avgtext+0avgdata 3564maxresident)k
0inputs+0outputs (0major+284minor)pagefaults 0swaps

Limit is 5
10.52user 0.02system 0:10.55elapsed 99%CPU (0avgtext+0avgdata 3548maxresident)k
0inputs+0outputs (0major+1469minor)pagefaults 0swaps

Limit is 1
51.39user 0.16system 0:51.57elapsed 99%CPU (0avgtext+0avgdata 3552maxresident)k
0inputs+0outputs (0major+6333minor)pagefaults 0swaps

-complexsearch , query is дворец, attempt #2
0.40user 0.01system 0:00.42elapsed 99%CPU (0avgtext+0avgdata 10556maxresident)k
0inputs+0outputs (0major+2322minor)pagefaults 0swaps

-search , query is дворец, attempt #3
0.21user 0.00system 0:00.22elapsed 99%CPU (0avgtext+0avgdata 3948maxresident)k
0inputs+0outputs (0major+348minor)pagefaults 0swaps

-search with limits , query is дворец, attempt #3
Limit is 100
0.76user 0.00system 0:00.77elapsed 99%CPU (0avgtext+0avgdata 3540maxresident)k
0inputs+0outputs (0major+264minor)pagefaults 0swaps

Limit is 50
1.22user 0.00system 0:01.23elapsed 99%CPU (0avgtext+0avgdata 3516maxresident)k
0inputs+0outputs (0major+284minor)pagefaults 0swaps

Limit is 5
10.60user 0.04system 0:10.66elapsed 99%CPU (0avgtext+0avgdata 3548maxresident)k
0inputs+0outputs (0major+1470minor)pagefaults 0swaps

Limit is 1
51.35user 0.11system 0:51.48elapsed 99%CPU (0avgtext+0avgdata 3508maxresident)k
0inputs+0outputs (0major+6335minor)pagefaults 0swaps

-complexsearch , query is дворец, attempt #3
0.39user 0.00system 0:00.40elapsed 99%CPU (0avgtext+0avgdata 10324maxresident)k
0inputs+0outputs (0major+2323minor)pagefaults 0swaps

-search , query is мост, attempt #1
0.22user 0.01system 0:00.23elapsed 99%CPU (0avgtext+0avgdata 3948maxresident)k
0inputs+0outputs (0major+347minor)pagefaults 0swaps

-search with limits , query is мост, attempt #1
Limit is 100
0.69user 0.01system 0:00.70elapsed 99%CPU (0avgtext+0avgdata 3540maxresident)k
0inputs+0outputs (0major+264minor)pagefaults 0swaps

Limit is 50
1.22user 0.01system 0:01.24elapsed 99%CPU (0avgtext+0avgdata 3516maxresident)k
0inputs+0outputs (0major+284minor)pagefaults 0swaps

Limit is 5
10.54user 0.02system 0:10.57elapsed 99%CPU (0avgtext+0avgdata 3552maxresident)k
0inputs+0outputs (0major+1470minor)pagefaults 0swaps

Limit is 1
52.12user 0.16system 0:52.32elapsed 99%CPU (0avgtext+0avgdata 3504maxresident)k
0inputs+0outputs (0major+6334minor)pagefaults 0swaps

-complexsearch , query is мост, attempt #1
0.40user 0.02system 0:00.46elapsed 92%CPU (0avgtext+0avgdata 10324maxresident)k
0inputs+0outputs (0major+2321minor)pagefaults 0swaps

-search , query is мост, attempt #2
0.20user 0.03system 0:00.26elapsed 90%CPU (0avgtext+0avgdata 4064maxresident)k
0inputs+0outputs (0major+347minor)pagefaults 0swaps

-search with limits , query is мост, attempt #2
Limit is 100
0.68user 0.01system 0:00.69elapsed 99%CPU (0avgtext+0avgdata 3540maxresident)k
0inputs+0outputs (0major+263minor)pagefaults 0swaps

Limit is 50
1.24user 0.01system 0:01.25elapsed 99%CPU (0avgtext+0avgdata 3564maxresident)k
0inputs+0outputs (0major+284minor)pagefaults 0swaps

Limit is 5
10.60user 0.03system 0:10.64elapsed 99%CPU (0avgtext+0avgdata 3500maxresident)k
0inputs+0outputs (0major+1470minor)pagefaults 0swaps

Limit is 1
51.86user 0.21system 0:52.12elapsed 99%CPU (0avgtext+0avgdata 3552maxresident)k
0inputs+0outputs (0major+6332minor)pagefaults 0swaps

-complexsearch , query is мост, attempt #2
0.43user 0.01system 0:00.49elapsed 90%CPU (0avgtext+0avgdata 10328maxresident)k
0inputs+0outputs (0major+2321minor)pagefaults 0swaps

-search , query is мост, attempt #3
0.23user 0.01system 0:00.26elapsed 93%CPU (0avgtext+0avgdata 3948maxresident)k
0inputs+0outputs (0major+348minor)pagefaults 0swaps

-search with limits , query is мост, attempt #3
Limit is 100
0.71user 0.01system 0:00.72elapsed 99%CPU (0avgtext+0avgdata 3492maxresident)k
0inputs+0outputs (0major+264minor)pagefaults 0swaps

Limit is 50
1.23user 0.00system 0:01.24elapsed 99%CPU (0avgtext+0avgdata 3504maxresident)k
0inputs+0outputs (0major+284minor)pagefaults 0swaps

Limit is 5
10.56user 0.03system 0:10.60elapsed 99%CPU (0avgtext+0avgdata 3548maxresident)k
0inputs+0outputs (0major+1469minor)pagefaults 0swaps

Limit is 1
51.71user 0.16system 0:51.89elapsed 99%CPU (0avgtext+0avgdata 3552maxresident)k
0inputs+0outputs (0major+6332minor)pagefaults 0swaps

-complexsearch , query is мост, attempt #3
0.40user 0.01system 0:00.45elapsed 91%CPU (0avgtext+0avgdata 10556maxresident)k
0inputs+0outputs (0major+2323minor)pagefaults 0swaps

-search , query is Аничков мост, attempt #1
0.22user 0.00system 0:00.23elapsed 99%CPU (0avgtext+0avgdata 3824maxresident)k
0inputs+0outputs (0major+371minor)pagefaults 0swaps

-search with limits , query is Аничков мост, attempt #1
Limit is 100
0.70user 0.00system 0:00.70elapsed 100%CPU (0avgtext+0avgdata 3492maxresident)k
0inputs+0outputs (0major+260minor)pagefaults 0swaps

Limit is 50
1.21user 0.01system 0:01.23elapsed 99%CPU (0avgtext+0avgdata 3516maxresident)k
0inputs+0outputs (0major+286minor)pagefaults 0swaps

Limit is 5
10.54user 0.02system 0:10.58elapsed 99%CPU (0avgtext+0avgdata 3500maxresident)k
0inputs+0outputs (0major+1510minor)pagefaults 0swaps

Limit is 1
51.52user 0.14system 0:51.68elapsed 99%CPU (0avgtext+0avgdata 3492maxresident)k
0inputs+0outputs (0major+6488minor)pagefaults 0swaps

-complexsearch , query is Аничков мост, attempt #1
0.40user 0.00system 0:00.44elapsed 93%CPU (0avgtext+0avgdata 10212maxresident)k
0inputs+0outputs (0major+2311minor)pagefaults 0swaps

-search , query is Аничков мост, attempt #2
0.22user 0.00system 0:00.23elapsed 99%CPU (0avgtext+0avgdata 3936maxresident)k
0inputs+0outputs (0major+371minor)pagefaults 0swaps

-search with limits , query is Аничков мост, attempt #2
Limit is 100
0.73user 0.00system 0:00.74elapsed 100%CPU (0avgtext+0avgdata 3492maxresident)k
0inputs+0outputs (0major+261minor)pagefaults 0swaps

Limit is 50
1.21user 0.00system 0:01.22elapsed 99%CPU (0avgtext+0avgdata 3564maxresident)k
0inputs+0outputs (0major+286minor)pagefaults 0swaps

Limit is 5
10.50user 0.02system 0:10.53elapsed 99%CPU (0avgtext+0avgdata 3488maxresident)k
0inputs+0outputs (0major+1511minor)pagefaults 0swaps

Limit is 1
51.96user 0.15system 0:52.14elapsed 99%CPU (0avgtext+0avgdata 3540maxresident)k
0inputs+0outputs (0major+6487minor)pagefaults 0swaps

-complexsearch , query is Аничков мост, attempt #2
0.44user 0.00system 0:00.48elapsed 91%CPU (0avgtext+0avgdata 10580maxresident)k
0inputs+0outputs (0major+2312minor)pagefaults 0swaps

-search , query is Аничков мост, attempt #3
0.23user 0.00system 0:00.24elapsed 100%CPU (0avgtext+0avgdata 3936maxresident)k
0inputs+0outputs (0major+370minor)pagefaults 0swaps

-search with limits , query is Аничков мост, attempt #3
Limit is 100
0.74user 0.00system 0:00.75elapsed 99%CPU (0avgtext+0avgdata 3492maxresident)k
0inputs+0outputs (0major+261minor)pagefaults 0swaps

Limit is 50
1.21user 0.02system 0:01.23elapsed 99%CPU (0avgtext+0avgdata 3516maxresident)k
0inputs+0outputs (0major+286minor)pagefaults 0swaps

Limit is 5
10.53user 0.04system 0:10.58elapsed 99%CPU (0avgtext+0avgdata 3500maxresident)k
0inputs+0outputs (0major+1510minor)pagefaults 0swaps

Limit is 1
51.71user 0.19system 0:51.92elapsed 99%CPU (0avgtext+0avgdata 3492maxresident)k
0inputs+0outputs (0major+6489minor)pagefaults 0swaps

-complexsearch , query is Аничков мост, attempt #3
0.42user 0.01system 0:00.47elapsed 92%CPU (0avgtext+0avgdata 10212maxresident)k
0inputs+0outputs (0major+2311minor)pagefaults 0swaps

-search , query is , attempt #1
0.23user 0.02system 0:00.32elapsed 78%CPU (0avgtext+0avgdata 4060maxresident)k
0inputs+0outputs (0major+346minor)pagefaults 0swaps

-search with limits , query is , attempt #1
Limit is 100
0.76user 0.02system 0:00.84elapsed 93%CPU (0avgtext+0avgdata 3540maxresident)k
0inputs+0outputs (0major+263minor)pagefaults 0swaps

Limit is 50
1.25user 0.01system 0:01.30elapsed 97%CPU (0avgtext+0avgdata 3564maxresident)k
0inputs+0outputs (0major+283minor)pagefaults 0swaps

Limit is 5
10.62user 0.04system 0:10.67elapsed 99%CPU (0avgtext+0avgdata 3548maxresident)k
0inputs+0outputs (0major+1469minor)pagefaults 0swaps

Limit is 1
52.15user 0.13system 0:52.31elapsed 99%CPU (0avgtext+0avgdata 3556maxresident)k
0inputs+0outputs (0major+6332minor)pagefaults 0swaps

-complexsearch , query is , attempt #1
0.39user 0.01system 0:00.42elapsed 98%CPU (0avgtext+0avgdata 10556maxresident)k
0inputs+0outputs (0major+2323minor)pagefaults 0swaps

-search , query is , attempt #2
0.26user 0.02system 0:00.36elapsed 76%CPU (0avgtext+0avgdata 3948maxresident)k
0inputs+0outputs (0major+347minor)pagefaults 0swaps

-search with limits , query is , attempt #2
Limit is 100
0.79user 0.03system 0:00.91elapsed 90%CPU (0avgtext+0avgdata 3540maxresident)k
0inputs+0outputs (0major+264minor)pagefaults 0swaps

Limit is 50
1.23user 0.02system 0:01.27elapsed 98%CPU (0avgtext+0avgdata 3516maxresident)k
0inputs+0outputs (0major+284minor)pagefaults 0swaps

Limit is 5
10.64user 0.07system 0:10.75elapsed 99%CPU (0avgtext+0avgdata 3548maxresident)k
0inputs+0outputs (0major+1471minor)pagefaults 0swaps

Limit is 1
52.05user 0.19system 0:52.26elapsed 99%CPU (0avgtext+0avgdata 3556maxresident)k
0inputs+0outputs (0major+6332minor)pagefaults 0swaps

-complexsearch , query is , attempt #2
0.42user 0.01system 0:00.47elapsed 91%CPU (0avgtext+0avgdata 10556maxresident)k
0inputs+0outputs (0major+2323minor)pagefaults 0swaps

-search , query is , attempt #3
0.22user 0.02system 0:00.35elapsed 71%CPU (0avgtext+0avgdata 4060maxresident)k
0inputs+0outputs (0major+346minor)pagefaults 0swaps

-search with limits , query is , attempt #3
Limit is 100
0.83user 0.01system 0:00.98elapsed 86%CPU (0avgtext+0avgdata 3540maxresident)k
0inputs+0outputs (0major+263minor)pagefaults 0swaps

Limit is 50
1.23user 0.02system 0:01.26elapsed 99%CPU (0avgtext+0avgdata 3568maxresident)k
0inputs+0outputs (0major+284minor)pagefaults 0swaps

Limit is 5
10.70user 0.07system 0:10.79elapsed 99%CPU (0avgtext+0avgdata 3548maxresident)k
0inputs+0outputs (0major+1470minor)pagefaults 0swaps

Limit is 1
54.57user 0.21system 0:54.90elapsed 99%CPU (0avgtext+0avgdata 3552maxresident)k
0inputs+0outputs (0major+6331minor)pagefaults 0swaps

-complexsearch , query is , attempt #3
0.37user 0.05system 0:00.50elapsed 84%CPU (0avgtext+0avgdata 10556maxresident)k
0inputs+0outputs (0major+2322minor)pagefaults 0swaps

Анализ поиска по координатам
-geosearch , query is 59,30,10000, attempt #1
0.24user 0.00system 0:00.25elapsed 98%CPU (0avgtext+0avgdata 4736maxresident)k
0inputs+0outputs (0major+354minor)pagefaults 0swaps

-geosearch with limits , query is 59,30,10000, attempt #1
Limit is 100
0.71user 0.00system 0:00.71elapsed 99%CPU (0avgtext+0avgdata 3864maxresident)k
0inputs+0outputs (0major+260minor)pagefaults 0swaps

Limit is 50
1.30user 0.01system 0:01.32elapsed 99%CPU (0avgtext+0avgdata 3888maxresident)k
0inputs+0outputs (0major+288minor)pagefaults 0swaps

Limit is 5
10.79user 0.06system 0:10.87elapsed 99%CPU (0avgtext+0avgdata 3892maxresident)k
0inputs+0outputs (0major+1475minor)pagefaults 0swaps

Limit is 1
52.42user 0.18system 0:52.64elapsed 99%CPU (0avgtext+0avgdata 4092maxresident)k
0inputs+0outputs (0major+6336minor)pagefaults 0swaps

-geosearch , query is 59,30,10000, attempt #2
0.25user 0.01system 0:00.26elapsed 99%CPU (0avgtext+0avgdata 4492maxresident)k
0inputs+0outputs (0major+351minor)pagefaults 0swaps

-geosearch with limits , query is 59,30,10000, attempt #2
Limit is 100
0.79user 0.00system 0:00.80elapsed 99%CPU (0avgtext+0avgdata 4056maxresident)k
0inputs+0outputs (0major+261minor)pagefaults 0swaps

Limit is 50
1.21user 0.02system 0:01.23elapsed 99%CPU (0avgtext+0avgdata 3888maxresident)k
0inputs+0outputs (0major+290minor)pagefaults 0swaps

Limit is 5
10.60user 0.05system 0:10.65elapsed 99%CPU (0avgtext+0avgdata 4092maxresident)k
0inputs+0outputs (0major+1477minor)pagefaults 0swaps

Limit is 1
53.06user 0.19system 0:53.30elapsed 99%CPU (0avgtext+0avgdata 4092maxresident)k
0inputs+0outputs (0major+6335minor)pagefaults 0swaps

-geosearch , query is 59,30,10000, attempt #3
0.24user 0.02system 0:00.26elapsed 99%CPU (0avgtext+0avgdata 4732maxresident)k
0inputs+0outputs (0major+352minor)pagefaults 0swaps

-geosearch with limits , query is 59,30,10000, attempt #3
Limit is 100
0.70user 0.01system 0:00.72elapsed 99%CPU (0avgtext+0avgdata 3868maxresident)k
0inputs+0outputs (0major+261minor)pagefaults 0swaps

Limit is 50
1.21user 0.01system 0:01.23elapsed 99%CPU (0avgtext+0avgdata 4060maxresident)k
0inputs+0outputs (0major+289minor)pagefaults 0swaps

Limit is 5
11.13user 0.03system 0:11.18elapsed 99%CPU (0avgtext+0avgdata 3892maxresident)k
0inputs+0outputs (0major+1475minor)pagefaults 0swaps

Limit is 1
52.69user 0.18system 0:52.94elapsed 99%CPU (0avgtext+0avgdata 4092maxresident)k
0inputs+0outputs (0major+6336minor)pagefaults 0swaps

-geosearch , query is 59,30,5000, attempt #1
0.22user 0.00system 0:00.23elapsed 99%CPU (0avgtext+0avgdata 4492maxresident)k
0inputs+0outputs (0major+351minor)pagefaults 0swaps

-geosearch with limits , query is 59,30,5000, attempt #1
Limit is 100
0.68user 0.00system 0:00.69elapsed 99%CPU (0avgtext+0avgdata 4056maxresident)k
0inputs+0outputs (0major+261minor)pagefaults 0swaps

Limit is 50
1.24user 0.00system 0:01.24elapsed 99%CPU (0avgtext+0avgdata 4060maxresident)k
0inputs+0outputs (0major+290minor)pagefaults 0swaps

Limit is 5
10.69user 0.02system 0:10.72elapsed 99%CPU (0avgtext+0avgdata 4092maxresident)k
0inputs+0outputs (0major+1477minor)pagefaults 0swaps

Limit is 1
51.83user 0.15system 0:52.00elapsed 99%CPU (0avgtext+0avgdata 4092maxresident)k
0inputs+0outputs (0major+6335minor)pagefaults 0swaps

-geosearch , query is 59,30,5000, attempt #2
0.22user 0.00system 0:00.23elapsed 99%CPU (0avgtext+0avgdata 4492maxresident)k
0inputs+0outputs (0major+351minor)pagefaults 0swaps

-geosearch with limits , query is 59,30,5000, attempt #2
Limit is 100
0.71user 0.00system 0:00.72elapsed 99%CPU (0avgtext+0avgdata 3864maxresident)k
0inputs+0outputs (0major+260minor)pagefaults 0swaps

Limit is 50
1.32user 0.01system 0:01.34elapsed 99%CPU (0avgtext+0avgdata 3888maxresident)k
0inputs+0outputs (0major+288minor)pagefaults 0swaps

Limit is 5
10.44user 0.01system 0:10.46elapsed 99%CPU (0avgtext+0avgdata 3892maxresident)k
0inputs+0outputs (0major+1476minor)pagefaults 0swaps

Limit is 1
51.53user 0.19system 0:51.76elapsed 99%CPU (0avgtext+0avgdata 4096maxresident)k
0inputs+0outputs (0major+6337minor)pagefaults 0swaps

-geosearch , query is 59,30,5000, attempt #3
0.25user 0.00system 0:00.25elapsed 99%CPU (0avgtext+0avgdata 4736maxresident)k
0inputs+0outputs (0major+353minor)pagefaults 0swaps

-geosearch with limits , query is 59,30,5000, attempt #3
Limit is 100
0.71user 0.01system 0:00.74elapsed 99%CPU (0avgtext+0avgdata 3868maxresident)k
0inputs+0outputs (0major+261minor)pagefaults 0swaps

Limit is 50
1.22user 0.00system 0:01.22elapsed 99%CPU (0avgtext+0avgdata 3888maxresident)k
0inputs+0outputs (0major+288minor)pagefaults 0swaps

Limit is 5
10.48user 0.04system 0:10.53elapsed 99%CPU (0avgtext+0avgdata 4096maxresident)k
0inputs+0outputs (0major+1477minor)pagefaults 0swaps

Limit is 1
51.78user 0.14system 0:51.94elapsed 99%CPU (0avgtext+0avgdata 3864maxresident)k
0inputs+0outputs (0major+6335minor)pagefaults 0swaps

-geosearch , query is 59.934616,30.316211,2000, attempt #1
0.23user 0.00system 0:00.23elapsed 99%CPU (0avgtext+0avgdata 4544maxresident)k
0inputs+0outputs (0major+379minor)pagefaults 0swaps

-geosearch with limits , query is 59.934616,30.316211,2000, attempt #1
Limit is 100
0.67user 0.01system 0:00.69elapsed 99%CPU (0avgtext+0avgdata 4100maxresident)k
0inputs+0outputs (0major+262minor)pagefaults 0swaps

Limit is 50
1.22user 0.00system 0:01.23elapsed 99%CPU (0avgtext+0avgdata 4060maxresident)k
0inputs+0outputs (0major+290minor)pagefaults 0swaps

Limit is 5
10.48user 0.03system 0:10.52elapsed 99%CPU (0avgtext+0avgdata 4092maxresident)k
0inputs+0outputs (0major+1480minor)pagefaults 0swaps

Limit is 1
51.44user 0.22system 0:51.69elapsed 99%CPU (0avgtext+0avgdata 3928maxresident)k
0inputs+0outputs (0major+6483minor)pagefaults 0swaps

-geosearch , query is 59.934616,30.316211,2000, attempt #2
0.26user 0.01system 0:00.28elapsed 100%CPU (0avgtext+0avgdata 4556maxresident)k
0inputs+0outputs (0major+380minor)pagefaults 0swaps

-geosearch with limits , query is 59.934616,30.316211,2000, attempt #2
Limit is 100
0.71user 0.01system 0:00.72elapsed 99%CPU (0avgtext+0avgdata 3992maxresident)k
0inputs+0outputs (0major+263minor)pagefaults 0swaps

Limit is 50
1.22user 0.01system 0:01.23elapsed 99%CPU (0avgtext+0avgdata 3948maxresident)k
0inputs+0outputs (0major+289minor)pagefaults 0swaps

Limit is 5
10.58user 0.06system 0:10.65elapsed 99%CPU (0avgtext+0avgdata 3928maxresident)k
0inputs+0outputs (0major+1480minor)pagefaults 0swaps

Limit is 1
52.54user 0.16system 0:52.73elapsed 99%CPU (0avgtext+0avgdata 4092maxresident)k
0inputs+0outputs (0major+6482minor)pagefaults 0swaps

-geosearch , query is 59.934616,30.316211,2000, attempt #3
0.22user 0.01system 0:00.23elapsed 99%CPU (0avgtext+0avgdata 4736maxresident)k
0inputs+0outputs (0major+379minor)pagefaults 0swaps

-geosearch with limits , query is 59.934616,30.316211,2000, attempt #3
Limit is 100
0.70user 0.00system 0:00.71elapsed 99%CPU (0avgtext+0avgdata 3988maxresident)k
0inputs+0outputs (0major+262minor)pagefaults 0swaps

Limit is 50
1.22user 0.00system 0:01.23elapsed 99%CPU (0avgtext+0avgdata 3952maxresident)k
0inputs+0outputs (0major+290minor)pagefaults 0swaps

Limit is 5
10.72user 0.04system 0:10.77elapsed 99%CPU (0avgtext+0avgdata 4092maxresident)k
0inputs+0outputs (0major+1479minor)pagefaults 0swaps

Limit is 1
52.13user 0.23system 0:52.40elapsed 99%CPU (0avgtext+0avgdata 3928maxresident)k
0inputs+0outputs (0major+6484minor)pagefaults 0swaps

-geosearch , query is 59.934616, 30.316211,300,, attempt #1
0.22user 0.00system 0:00.23elapsed 99%CPU (0avgtext+0avgdata 4072maxresident)k
0inputs+0outputs (0major+374minor)pagefaults 0swaps

-geosearch with limits , query is 59.934616, 30.316211,300,, attempt #1
Limit is 100
0.70user 0.00system 0:00.70elapsed 99%CPU (0avgtext+0avgdata 3540maxresident)k
0inputs+0outputs (0major+244minor)pagefaults 0swaps

Limit is 50
1.24user 0.00system 0:01.24elapsed 99%CPU (0avgtext+0avgdata 3508maxresident)k
0inputs+0outputs (0major+273minor)pagefaults 0swaps

Limit is 5
10.55user 0.03system 0:10.59elapsed 99%CPU (0avgtext+0avgdata 3492maxresident)k
0inputs+0outputs (0major+1471minor)pagefaults 0swaps

Limit is 1
51.92user 0.14system 0:52.09elapsed 99%CPU (0avgtext+0avgdata 3540maxresident)k
0inputs+0outputs (0major+6527minor)pagefaults 0swaps

-geosearch , query is 59.934616, 30.316211,300,, attempt #2
0.22user 0.00system 0:00.22elapsed 99%CPU (0avgtext+0avgdata 4072maxresident)k
0inputs+0outputs (0major+374minor)pagefaults 0swaps

-geosearch with limits , query is 59.934616, 30.316211,300,, attempt #2
Limit is 100
0.69user 0.00system 0:00.70elapsed 99%CPU (0avgtext+0avgdata 3540maxresident)k
0inputs+0outputs (0major+243minor)pagefaults 0swaps

Limit is 50
1.24user 0.00system 0:01.25elapsed 99%CPU (0avgtext+0avgdata 3508maxresident)k
0inputs+0outputs (0major+273minor)pagefaults 0swaps

Limit is 5
10.68user 0.03system 0:10.72elapsed 99%CPU (0avgtext+0avgdata 3540maxresident)k
0inputs+0outputs (0major+1470minor)pagefaults 0swaps

Limit is 1
51.73user 0.15system 0:51.91elapsed 99%CPU (0avgtext+0avgdata 3540maxresident)k
0inputs+0outputs (0major+6526minor)pagefaults 0swaps

-geosearch , query is 59.934616, 30.316211,300,, attempt #3
0.24user 0.00system 0:00.25elapsed 99%CPU (0avgtext+0avgdata 4184maxresident)k
0inputs+0outputs (0major+372minor)pagefaults 0swaps

-geosearch with limits , query is 59.934616, 30.316211,300,, attempt #3
Limit is 100
0.68user 0.00system 0:00.69elapsed 99%CPU (0avgtext+0avgdata 3492maxresident)k
0inputs+0outputs (0major+244minor)pagefaults 0swaps

Limit is 50
1.21user 0.00system 0:01.22elapsed 100%CPU (0avgtext+0avgdata 3508maxresident)k
0inputs+0outputs (0major+274minor)pagefaults 0swaps

Limit is 5
10.62user 0.02system 0:10.66elapsed 99%CPU (0avgtext+0avgdata 3540maxresident)k
0inputs+0outputs (0major+1470minor)pagefaults 0swaps

Limit is 1
52.06user 0.13system 0:52.22elapsed 99%CPU (0avgtext+0avgdata 3492maxresident)k
0inputs+0outputs (0major+6526minor)pagefaults 0swaps

-geosearch , query is , attempt #1
0.25user 0.00system 0:00.26elapsed 98%CPU (0avgtext+0avgdata 4064maxresident)k
0inputs+0outputs (0major+346minor)pagefaults 0swaps

-geosearch with limits , query is , attempt #1
Limit is 100
0.70user 0.01system 0:00.72elapsed 99%CPU (0avgtext+0avgdata 3492maxresident)k
0inputs+0outputs (0major+254minor)pagefaults 0swaps

Limit is 50
1.20user 0.00system 0:01.20elapsed 99%CPU (0avgtext+0avgdata 3560maxresident)k
0inputs+0outputs (0major+283minor)pagefaults 0swaps

Limit is 5
10.41user 0.01system 0:10.43elapsed 99%CPU (0avgtext+0avgdata 3492maxresident)k
0inputs+0outputs (0major+1503minor)pagefaults 0swaps

Limit is 1
52.24user 0.22system 0:52.49elapsed 99%CPU (0avgtext+0avgdata 3500maxresident)k
0inputs+0outputs (0major+6454minor)pagefaults 0swaps

-geosearch , query is , attempt #2
0.24user 0.00system 0:00.24elapsed 99%CPU (0avgtext+0avgdata 4176maxresident)k
0inputs+0outputs (0major+345minor)pagefaults 0swaps

-geosearch with limits , query is , attempt #2
Limit is 100
0.68user 0.00system 0:00.69elapsed 99%CPU (0avgtext+0avgdata 3540maxresident)k
0inputs+0outputs (0major+254minor)pagefaults 0swaps

Limit is 50
1.21user 0.00system 0:01.22elapsed 99%CPU (0avgtext+0avgdata 3512maxresident)k
0inputs+0outputs (0major+284minor)pagefaults 0swaps

Limit is 5
10.54user 0.05system 0:10.60elapsed 99%CPU (0avgtext+0avgdata 3540maxresident)k
0inputs+0outputs (0major+1503minor)pagefaults 0swaps

Limit is 1
51.86user 0.11system 0:52.00elapsed 99%CPU (0avgtext+0avgdata 3548maxresident)k
0inputs+0outputs (0major+6454minor)pagefaults 0swaps

-geosearch , query is , attempt #3
0.24user 0.00system 0:00.24elapsed 98%CPU (0avgtext+0avgdata 4064maxresident)k
0inputs+0outputs (0major+347minor)pagefaults 0swaps

-geosearch with limits , query is , attempt #3
Limit is 100
0.70user 0.00system 0:00.70elapsed 99%CPU (0avgtext+0avgdata 3492maxresident)k
0inputs+0outputs (0major+254minor)pagefaults 0swaps

Limit is 50
1.22user 0.00system 0:01.23elapsed 99%CPU (0avgtext+0avgdata 3560maxresident)k
0inputs+0outputs (0major+283minor)pagefaults 0swaps

Limit is 5
10.51user 0.02system 0:10.54elapsed 99%CPU (0avgtext+0avgdata 3540maxresident)k
0inputs+0outputs (0major+1502minor)pagefaults 0swaps

Limit is 1
52.33user 0.14system 0:52.52elapsed 99%CPU (0avgtext+0avgdata 3548maxresident)k
0inputs+0outputs (0major+6453minor)pagefaults 0swaps

